{"C:\\Users\\anama\\Desktop\\MARIE\\UTFPR\\TOPICOS EM COMPUTAÇÃO\\Atividades\\atividadeAvaliativa1\\atividadeAvaliativa1\\src\\filtrarFatura.js": {"path":"C:\\Users\\anama\\Desktop\\MARIE\\UTFPR\\TOPICOS EM COMPUTAÇÃO\\Atividades\\atividadeAvaliativa1\\atividadeAvaliativa1\\src\\filtrarFatura.js","statementMap":{"0":{"start":{"line":8,"column":0},"end":{"line":8,"column":25}}},"fnMap":{"0":{"name":"filtrar","decl":{"start":{"line":2,"column":9},"end":{"line":2,"column":16}},"loc":{"start":{"line":2,"column":28},"end":{"line":6,"column":1}},"line":2}},"branchMap":{},"s":{"0":1},"f":{"0":1},"b":{},"_coverageSchema":"1a1c01bbd47fc00a2c39e90264f33305004495a9","hash":"3d2f5acc38f2b5c4d86d2917cc6ea5c17a079382"}
}
